[2023-09-22 18:05:57] [info]  [ 7460] Apache Commons Daemon procrun (1.2.4.0 64-bit) started.
[2023-09-22 18:05:57] [info]  [ 7460] Running Service 'Tomcat9'...
[2023-09-22 18:05:57] [info]  [ 8200] Starting service...
[2023-09-22 18:05:59] [info]  [ 8200] Service started in 1899 milliseconds.
[2023-09-22 19:15:45] [info]  [10380] Console SHUTDOWN event signaled.
[2023-09-22 19:15:45] [info]  [10380] Stopping service...
[2023-09-22 19:15:46] [info]  [10380] Service stop thread completed.
[2023-09-22 19:15:46] [info]  [ 7460] Run service finished.
[2023-09-22 19:15:46] [info]  [ 7460] Apache Commons Daemon procrun finished.
[2023-09-22 19:16:07] [info]  [ 7608] Apache Commons Daemon procrun (1.2.4.0 64-bit) started.
[2023-09-22 19:16:08] [info]  [ 7608] Running Service 'Tomcat9'...
[2023-09-22 19:16:08] [info]  [ 7808] Starting service...
[2023-09-22 19:16:10] [info]  [ 7808] Service started in 2347 milliseconds.
[2023-09-22 20:20:42] [info]  [ 1744] Console SHUTDOWN event signaled.
[2023-09-22 20:20:42] [info]  [ 1744] Stopping service...
[2023-09-22 20:20:43] [info]  [ 1744] Service stop thread completed.
[2023-09-22 20:20:43] [info]  [ 7608] Run service finished.
[2023-09-22 20:20:43] [info]  [ 7608] Apache Commons Daemon procrun finished.
[2023-09-22 20:21:09] [info]  [ 7540] Apache Commons Daemon procrun (1.2.4.0 64-bit) started.
[2023-09-22 20:21:09] [info]  [ 7540] Running Service 'Tomcat9'...
[2023-09-22 20:21:09] [info]  [ 8084] Starting service...
[2023-09-22 20:21:11] [info]  [ 8084] Service started in 2169 milliseconds.
[2023-09-22 20:33:14] [info]  [ 6576] Stopping service...
[2023-09-22 20:33:15] [info]  [ 6576] Service stop thread completed.
[2023-09-22 20:33:15] [info]  [ 7540] Run service finished.
[2023-09-22 20:33:15] [info]  [ 7540] Apache Commons Daemon procrun finished.
